0 info it worked if it ends with ok
1 verbose cli [ 'C:\\Program Files\\nodejs\\node.exe',
1 verbose cli   'C:\\Program Files\\nodejs\\node_modules\\npm\\bin\\npm-cli.js',
1 verbose cli   'install',
1 verbose cli   'asyncawait',
1 verbose cli   '--save' ]
2 info using npm@4.1.2
3 info using node@v7.5.0
4 silly loadCurrentTree Starting
5 silly install loadCurrentTree
6 silly install readLocalPackageData
7 silly fetchPackageMetaData asyncawait
8 silly fetchNamedPackageData asyncawait
9 silly mapToRegistry name asyncawait
10 silly mapToRegistry using default registry
11 silly mapToRegistry registry https://registry.npmjs.org/
12 silly mapToRegistry data Result {
12 silly mapToRegistry   raw: 'asyncawait',
12 silly mapToRegistry   scope: null,
12 silly mapToRegistry   escapedName: 'asyncawait',
12 silly mapToRegistry   name: 'asyncawait',
12 silly mapToRegistry   rawSpec: '',
12 silly mapToRegistry   spec: 'latest',
12 silly mapToRegistry   type: 'tag' }
13 silly mapToRegistry uri https://registry.npmjs.org/asyncawait
14 verbose request uri https://registry.npmjs.org/asyncawait
15 verbose request no auth needed
16 info attempt registry request try #1 at 11:54:02 PM
17 verbose request id 59e5420be676b45b
18 verbose etag W/"58aa2782-cb7e"
19 verbose lastModified Sun, 19 Feb 2017 23:17:22 GMT
20 http request GET https://registry.npmjs.org/asyncawait
21 http 304 https://registry.npmjs.org/asyncawait
22 verbose headers { date: 'Sun, 26 Mar 2017 22:54:01 GMT',
22 verbose headers   via: '1.1 varnish',
22 verbose headers   'cache-control': 'max-age=300',
22 verbose headers   etag: 'W/"58aa2782-cb7e"',
22 verbose headers   age: '0',
22 verbose headers   connection: 'keep-alive',
22 verbose headers   'x-served-by': 'cache-lcy1125-LCY',
22 verbose headers   'x-cache': 'MISS',
22 verbose headers   'x-cache-hits': '0',
22 verbose headers   'x-timer': 'S1490568841.159295,VS0,VE17',
22 verbose headers   vary: 'Accept-Encoding' }
23 silly get cb [ 304,
23 silly get   { date: 'Sun, 26 Mar 2017 22:54:01 GMT',
23 silly get     via: '1.1 varnish',
23 silly get     'cache-control': 'max-age=300',
23 silly get     etag: 'W/"58aa2782-cb7e"',
23 silly get     age: '0',
23 silly get     connection: 'keep-alive',
23 silly get     'x-served-by': 'cache-lcy1125-LCY',
23 silly get     'x-cache': 'MISS',
23 silly get     'x-cache-hits': '0',
23 silly get     'x-timer': 'S1490568841.159295,VS0,VE17',
23 silly get     vary: 'Accept-Encoding' } ]
24 verbose etag https://registry.npmjs.org/asyncawait from cache
25 verbose get saving asyncawait to C:\Users\jamie\AppData\Roaming\npm-cache\registry.npmjs.org\asyncawait\.cache.json
26 verbose correctMkdir C:\Users\jamie\AppData\Roaming\npm-cache correctMkdir not in flight; initializing
27 silly install normalizeTree
28 silly loadCurrentTree Finishing
29 silly loadIdealTree Starting
30 silly install loadIdealTree
31 silly cloneCurrentTree Starting
32 silly install cloneCurrentTreeToIdealTree
33 silly cloneCurrentTree Finishing
34 silly loadShrinkwrap Starting
35 silly install loadShrinkwrap
36 silly loadShrinkwrap Finishing
37 silly loadAllDepsIntoIdealTree Starting
38 silly install loadAllDepsIntoIdealTree
39 silly resolveWithNewModule asyncawait@1.0.6 checking installable status
40 silly cache add args [ 'asyncawait', null ]
41 verbose cache add spec asyncawait
42 silly cache add parsed spec Result {
42 silly cache add   raw: 'asyncawait',
42 silly cache add   scope: null,
42 silly cache add   escapedName: 'asyncawait',
42 silly cache add   name: 'asyncawait',
42 silly cache add   rawSpec: '',
42 silly cache add   spec: 'latest',
42 silly cache add   type: 'tag' }
43 silly addNamed asyncawait@latest
44 verbose addNamed "latest" is being treated as a dist-tag for asyncawait
45 info addNameTag [ 'asyncawait', 'latest' ]
46 silly mapToRegistry name asyncawait
47 silly mapToRegistry using default registry
48 silly mapToRegistry registry https://registry.npmjs.org/
49 silly mapToRegistry data Result {
49 silly mapToRegistry   raw: 'asyncawait',
49 silly mapToRegistry   scope: null,
49 silly mapToRegistry   escapedName: 'asyncawait',
49 silly mapToRegistry   name: 'asyncawait',
49 silly mapToRegistry   rawSpec: '',
49 silly mapToRegistry   spec: 'latest',
49 silly mapToRegistry   type: 'tag' }
50 silly mapToRegistry uri https://registry.npmjs.org/asyncawait
51 verbose addNameTag registry:https://registry.npmjs.org/asyncawait not in flight; fetching
52 verbose get https://registry.npmjs.org/asyncawait not expired, no request
53 silly addNameTag next cb for asyncawait with tag latest
54 silly addNamed asyncawait@1.0.6
55 verbose addNamed "1.0.6" is a plain semver version for asyncawait
56 silly cache afterAdd asyncawait@1.0.6
57 verbose afterAdd C:\Users\jamie\AppData\Roaming\npm-cache\asyncawait\1.0.6\package\package.json not in flight; writing
58 verbose correctMkdir C:\Users\jamie\AppData\Roaming\npm-cache correctMkdir not in flight; initializing
59 verbose afterAdd C:\Users\jamie\AppData\Roaming\npm-cache\asyncawait\1.0.6\package\package.json written
60 silly fetchNamedPackageData fibers
61 silly mapToRegistry name fibers
62 silly mapToRegistry using default registry
63 silly mapToRegistry registry https://registry.npmjs.org/
64 silly mapToRegistry data Result {
64 silly mapToRegistry   raw: 'fibers',
64 silly mapToRegistry   scope: null,
64 silly mapToRegistry   escapedName: 'fibers',
64 silly mapToRegistry   name: 'fibers',
64 silly mapToRegistry   rawSpec: '',
64 silly mapToRegistry   spec: 'latest',
64 silly mapToRegistry   type: 'tag' }
65 silly mapToRegistry uri https://registry.npmjs.org/fibers
66 verbose request uri https://registry.npmjs.org/fibers
67 verbose request no auth needed
68 info attempt registry request try #1 at 11:54:03 PM
69 verbose etag W/"58a62b74-fef6"
70 verbose lastModified Thu, 16 Feb 2017 22:45:08 GMT
71 http request GET https://registry.npmjs.org/fibers
72 http 304 https://registry.npmjs.org/fibers
73 verbose headers { date: 'Sun, 26 Mar 2017 22:54:01 GMT',
73 verbose headers   via: '1.1 varnish',
73 verbose headers   'cache-control': 'max-age=300',
73 verbose headers   etag: 'W/"58a62b74-fef6"',
73 verbose headers   age: '290',
73 verbose headers   connection: 'keep-alive',
73 verbose headers   'x-served-by': 'cache-lcy1125-LCY',
73 verbose headers   'x-cache': 'HIT',
73 verbose headers   'x-cache-hits': '1',
73 verbose headers   'x-timer': 'S1490568841.365256,VS0,VE0',
73 verbose headers   vary: 'Accept-Encoding' }
74 silly get cb [ 304,
74 silly get   { date: 'Sun, 26 Mar 2017 22:54:01 GMT',
74 silly get     via: '1.1 varnish',
74 silly get     'cache-control': 'max-age=300',
74 silly get     etag: 'W/"58a62b74-fef6"',
74 silly get     age: '290',
74 silly get     connection: 'keep-alive',
74 silly get     'x-served-by': 'cache-lcy1125-LCY',
74 silly get     'x-cache': 'HIT',
74 silly get     'x-cache-hits': '1',
74 silly get     'x-timer': 'S1490568841.365256,VS0,VE0',
74 silly get     vary: 'Accept-Encoding' } ]
75 verbose etag https://registry.npmjs.org/fibers from cache
76 verbose get saving fibers to C:\Users\jamie\AppData\Roaming\npm-cache\registry.npmjs.org\fibers\.cache.json
77 verbose correctMkdir C:\Users\jamie\AppData\Roaming\npm-cache correctMkdir not in flight; initializing
78 silly pickManifestFromRegistryMetadata spec >=1.0.8 <2.0.0 tag latest versions [ '0.1.0',
78 silly pickManifestFromRegistryMetadata   '0.1.1',
78 silly pickManifestFromRegistryMetadata   '0.1.2',
78 silly pickManifestFromRegistryMetadata   '0.1.3',
78 silly pickManifestFromRegistryMetadata   '0.1.4',
78 silly pickManifestFromRegistryMetadata   '0.1.6',
78 silly pickManifestFromRegistryMetadata   '0.1.7',
78 silly pickManifestFromRegistryMetadata   '0.1.8',
78 silly pickManifestFromRegistryMetadata   '0.2.0',
78 silly pickManifestFromRegistryMetadata   '0.2.1',
78 silly pickManifestFromRegistryMetadata   '0.2.2',
78 silly pickManifestFromRegistryMetadata   '0.2.3',
78 silly pickManifestFromRegistryMetadata   '0.2.4',
78 silly pickManifestFromRegistryMetadata   '0.2.5',
78 silly pickManifestFromRegistryMetadata   '0.2.6',
78 silly pickManifestFromRegistryMetadata   '0.5.0',
78 silly pickManifestFromRegistryMetadata   '0.6.0',
78 silly pickManifestFromRegistryMetadata   '0.5.1',
78 silly pickManifestFromRegistryMetadata   '0.6.1',
78 silly pickManifestFromRegistryMetadata   '0.6.2',
78 silly pickManifestFromRegistryMetadata   '0.6.3',
78 silly pickManifestFromRegistryMetadata   '0.6.4',
78 silly pickManifestFromRegistryMetadata   '0.6.5',
78 silly pickManifestFromRegistryMetadata   '0.6.6',
78 silly pickManifestFromRegistryMetadata   '0.6.7',
78 silly pickManifestFromRegistryMetadata   '0.6.8',
78 silly pickManifestFromRegistryMetadata   '0.6.9',
78 silly pickManifestFromRegistryMetadata   '1.0.0',
78 silly pickManifestFromRegistryMetadata   '1.0.1',
78 silly pickManifestFromRegistryMetadata   '1.0.2',
78 silly pickManifestFromRegistryMetadata   '1.0.4',
78 silly pickManifestFromRegistryMetadata   '1.0.5',
78 silly pickManifestFromRegistryMetadata   '1.0.6-b',
78 silly pickManifestFromRegistryMetadata   '1.0.7',
78 silly pickManifestFromRegistryMetadata   '1.0.8',
78 silly pickManifestFromRegistryMetadata   '1.0.9',
78 silly pickManifestFromRegistryMetadata   '1.0.10',
78 silly pickManifestFromRegistryMetadata   '1.0.11',
78 silly pickManifestFromRegistryMetadata   '1.0.12',
78 silly pickManifestFromRegistryMetadata   '1.0.13',
78 silly pickManifestFromRegistryMetadata   '1.0.14',
78 silly pickManifestFromRegistryMetadata   '1.0.15' ]
79 silly resolveWithNewModule fibers@1.0.15 checking installable status
80 silly cache add args [ 'fibers@^1.0.8', null ]
81 verbose cache add spec fibers@^1.0.8
82 silly cache add parsed spec Result {
82 silly cache add   raw: 'fibers@^1.0.8',
82 silly cache add   scope: null,
82 silly cache add   escapedName: 'fibers',
82 silly cache add   name: 'fibers',
82 silly cache add   rawSpec: '^1.0.8',
82 silly cache add   spec: '>=1.0.8 <2.0.0',
82 silly cache add   type: 'range' }
83 silly addNamed fibers@>=1.0.8 <2.0.0
84 verbose addNamed ">=1.0.8 <2.0.0" is a valid semver range for fibers
85 silly addNameRange { name: 'fibers', range: '>=1.0.8 <2.0.0', hasData: false }
86 silly mapToRegistry name fibers
87 silly mapToRegistry using default registry
88 silly mapToRegistry registry https://registry.npmjs.org/
89 silly mapToRegistry data Result {
89 silly mapToRegistry   raw: 'fibers',
89 silly mapToRegistry   scope: null,
89 silly mapToRegistry   escapedName: 'fibers',
89 silly mapToRegistry   name: 'fibers',
89 silly mapToRegistry   rawSpec: '',
89 silly mapToRegistry   spec: 'latest',
89 silly mapToRegistry   type: 'tag' }
90 silly mapToRegistry uri https://registry.npmjs.org/fibers
91 verbose addNameRange registry:https://registry.npmjs.org/fibers not in flight; fetching
92 verbose get https://registry.npmjs.org/fibers not expired, no request
93 silly addNameRange number 2 { name: 'fibers', range: '>=1.0.8 <2.0.0', hasData: true }
94 silly addNameRange versions [ 'fibers',
94 silly addNameRange   [ '0.1.0',
94 silly addNameRange     '0.1.1',
94 silly addNameRange     '0.1.2',
94 silly addNameRange     '0.1.3',
94 silly addNameRange     '0.1.4',
94 silly addNameRange     '0.1.6',
94 silly addNameRange     '0.1.7',
94 silly addNameRange     '0.1.8',
94 silly addNameRange     '0.2.0',
94 silly addNameRange     '0.2.1',
94 silly addNameRange     '0.2.2',
94 silly addNameRange     '0.2.3',
94 silly addNameRange     '0.2.4',
94 silly addNameRange     '0.2.5',
94 silly addNameRange     '0.2.6',
94 silly addNameRange     '0.5.0',
94 silly addNameRange     '0.6.0',
94 silly addNameRange     '0.5.1',
94 silly addNameRange     '0.6.1',
94 silly addNameRange     '0.6.2',
94 silly addNameRange     '0.6.3',
94 silly addNameRange     '0.6.4',
94 silly addNameRange     '0.6.5',
94 silly addNameRange     '0.6.6',
94 silly addNameRange     '0.6.7',
94 silly addNameRange     '0.6.8',
94 silly addNameRange     '0.6.9',
94 silly addNameRange     '1.0.0',
94 silly addNameRange     '1.0.1',
94 silly addNameRange     '1.0.2',
94 silly addNameRange     '1.0.4',
94 silly addNameRange     '1.0.5',
94 silly addNameRange     '1.0.6-b',
94 silly addNameRange     '1.0.7',
94 silly addNameRange     '1.0.8',
94 silly addNameRange     '1.0.9',
94 silly addNameRange     '1.0.10',
94 silly addNameRange     '1.0.11',
94 silly addNameRange     '1.0.12',
94 silly addNameRange     '1.0.13',
94 silly addNameRange     '1.0.14',
94 silly addNameRange     '1.0.15' ] ]
95 silly pickManifestFromRegistryMetadata spec >=1.0.8 <2.0.0 tag latest versions [ '0.1.0',
95 silly pickManifestFromRegistryMetadata   '0.1.1',
95 silly pickManifestFromRegistryMetadata   '0.1.2',
95 silly pickManifestFromRegistryMetadata   '0.1.3',
95 silly pickManifestFromRegistryMetadata   '0.1.4',
95 silly pickManifestFromRegistryMetadata   '0.1.6',
95 silly pickManifestFromRegistryMetadata   '0.1.7',
95 silly pickManifestFromRegistryMetadata   '0.1.8',
95 silly pickManifestFromRegistryMetadata   '0.2.0',
95 silly pickManifestFromRegistryMetadata   '0.2.1',
95 silly pickManifestFromRegistryMetadata   '0.2.2',
95 silly pickManifestFromRegistryMetadata   '0.2.3',
95 silly pickManifestFromRegistryMetadata   '0.2.4',
95 silly pickManifestFromRegistryMetadata   '0.2.5',
95 silly pickManifestFromRegistryMetadata   '0.2.6',
95 silly pickManifestFromRegistryMetadata   '0.5.0',
95 silly pickManifestFromRegistryMetadata   '0.6.0',
95 silly pickManifestFromRegistryMetadata   '0.5.1',
95 silly pickManifestFromRegistryMetadata   '0.6.1',
95 silly pickManifestFromRegistryMetadata   '0.6.2',
95 silly pickManifestFromRegistryMetadata   '0.6.3',
95 silly pickManifestFromRegistryMetadata   '0.6.4',
95 silly pickManifestFromRegistryMetadata   '0.6.5',
95 silly pickManifestFromRegistryMetadata   '0.6.6',
95 silly pickManifestFromRegistryMetadata   '0.6.7',
95 silly pickManifestFromRegistryMetadata   '0.6.8',
95 silly pickManifestFromRegistryMetadata   '0.6.9',
95 silly pickManifestFromRegistryMetadata   '1.0.0',
95 silly pickManifestFromRegistryMetadata   '1.0.1',
95 silly pickManifestFromRegistryMetadata   '1.0.2',
95 silly pickManifestFromRegistryMetadata   '1.0.4',
95 silly pickManifestFromRegistryMetadata   '1.0.5',
95 silly pickManifestFromRegistryMetadata   '1.0.6-b',
95 silly pickManifestFromRegistryMetadata   '1.0.7',
95 silly pickManifestFromRegistryMetadata   '1.0.8',
95 silly pickManifestFromRegistryMetadata   '1.0.9',
95 silly pickManifestFromRegistryMetadata   '1.0.10',
95 silly pickManifestFromRegistryMetadata   '1.0.11',
95 silly pickManifestFromRegistryMetadata   '1.0.12',
95 silly pickManifestFromRegistryMetadata   '1.0.13',
95 silly pickManifestFromRegistryMetadata   '1.0.14',
95 silly pickManifestFromRegistryMetadata   '1.0.15' ]
96 silly addNamed fibers@latest
97 verbose addNamed "latest" is being treated as a dist-tag for fibers
98 info addNameTag [ 'fibers', 'latest' ]
99 silly mapToRegistry name fibers
100 silly mapToRegistry using default registry
101 silly mapToRegistry registry https://registry.npmjs.org/
102 silly mapToRegistry data Result {
102 silly mapToRegistry   raw: 'fibers',
102 silly mapToRegistry   scope: null,
102 silly mapToRegistry   escapedName: 'fibers',
102 silly mapToRegistry   name: 'fibers',
102 silly mapToRegistry   rawSpec: '',
102 silly mapToRegistry   spec: 'latest',
102 silly mapToRegistry   type: 'tag' }
103 silly mapToRegistry uri https://registry.npmjs.org/fibers
104 verbose addNameTag registry:https://registry.npmjs.org/fibers already in flight; waiting
105 silly addNameTag next cb for fibers with tag latest
106 silly addNamed fibers@1.0.15
107 verbose addNamed "1.0.15" is a plain semver version for fibers
108 silly cache afterAdd fibers@1.0.15
109 verbose afterAdd C:\Users\jamie\AppData\Roaming\npm-cache\fibers\1.0.15\package\package.json not in flight; writing
110 verbose correctMkdir C:\Users\jamie\AppData\Roaming\npm-cache correctMkdir not in flight; initializing
111 verbose afterAdd C:\Users\jamie\AppData\Roaming\npm-cache\fibers\1.0.15\package\package.json written
112 silly loadAllDepsIntoIdealTree Finishing
113 silly loadIdealTree Finishing
114 silly currentTree local-press@1.0.0
114 silly currentTree +-- ansi-regex@2.1.1
114 silly currentTree +-- assertion-error@1.0.2
114 silly currentTree +-- axios@0.15.3
114 silly currentTree +-- balanced-match@0.4.2
114 silly currentTree +-- bluebird@3.5.0
114 silly currentTree +-- brace-expansion@1.1.6
114 silly currentTree +-- browser-stdout@1.3.0
114 silly currentTree +-- builtin-modules@1.1.1
114 silly currentTree +-- camelcase@3.0.0
114 silly currentTree +-- chai@3.5.0
114 silly currentTree +-- cliui@3.2.0
114 silly currentTree +-- code-point-at@1.1.0
114 silly currentTree +-- colors@1.1.2
114 silly currentTree +-- commander@2.9.0
114 silly currentTree +-- concat-map@0.0.1
114 silly currentTree +-- debug@2.2.0
114 silly currentTree +-- decamelize@1.2.0
114 silly currentTree +-- deep-eql@0.1.3
114 silly currentTree | `-- type-detect@0.1.1
114 silly currentTree +-- diff@1.4.0
114 silly currentTree +-- error-ex@1.3.1
114 silly currentTree +-- escape-string-regexp@1.0.5
114 silly currentTree +-- find-up@1.1.2
114 silly currentTree +-- follow-redirects@1.0.0
114 silly currentTree +-- fs.realpath@1.0.0
114 silly currentTree +-- get-caller-file@1.0.2
114 silly currentTree +-- glob@7.0.5
114 silly currentTree +-- graceful-fs@4.1.11
114 silly currentTree +-- graceful-readlink@1.0.1
114 silly currentTree +-- growl@1.9.2
114 silly currentTree +-- has-flag@1.0.0
114 silly currentTree +-- hosted-git-info@2.4.1
114 silly currentTree +-- inflight@1.0.6
114 silly currentTree +-- inherits@2.0.3
114 silly currentTree +-- invert-kv@1.0.0
114 silly currentTree +-- is-arrayish@0.2.1
114 silly currentTree +-- is-builtin-module@1.0.0
114 silly currentTree +-- is-fullwidth-code-point@1.0.0
114 silly currentTree +-- is-utf8@0.2.1
114 silly currentTree +-- json3@3.3.2
114 silly currentTree +-- lcid@1.0.0
114 silly currentTree +-- load-json-file@1.1.0
114 silly currentTree +-- lodash._baseassign@3.2.0
114 silly currentTree +-- lodash._basecopy@3.0.1
114 silly currentTree +-- lodash._basecreate@3.0.3
114 silly currentTree +-- lodash._getnative@3.9.1
114 silly currentTree +-- lodash._isiterateecall@3.0.9
114 silly currentTree +-- lodash.create@3.1.1
114 silly currentTree +-- lodash.isarguments@3.1.0
114 silly currentTree +-- lodash.isarray@3.0.4
114 silly currentTree +-- lodash.keys@3.1.2
114 silly currentTree +-- lodash@3.10.1
114 silly currentTree +-- minimatch@3.0.3
114 silly currentTree +-- minimist@0.0.8
114 silly currentTree +-- mkdirp@0.5.1
114 silly currentTree +-- mocha@3.2.0
114 silly currentTree +-- ms@0.7.1
114 silly currentTree +-- normalize-package-data@2.3.6
114 silly currentTree +-- number-is-nan@1.0.1
114 silly currentTree +-- once@1.4.0
114 silly currentTree +-- os-locale@1.4.0
114 silly currentTree +-- parse-json@2.2.0
114 silly currentTree +-- path-exists@2.1.0
114 silly currentTree +-- path-is-absolute@1.0.1
114 silly currentTree +-- path-type@1.1.0
114 silly currentTree +-- pify@2.3.0
114 silly currentTree +-- pinkie-promise@2.0.1
114 silly currentTree +-- pinkie@2.0.4
114 silly currentTree +-- ramda@0.23.0
114 silly currentTree +-- read-pkg-up@1.0.1
114 silly currentTree +-- read-pkg@1.1.0
114 silly currentTree +-- require-directory@2.1.1
114 silly currentTree +-- require-main-filename@1.0.1
114 silly currentTree +-- semver@5.3.0
114 silly currentTree +-- set-blocking@2.0.0
114 silly currentTree +-- spdx-correct@1.0.2
114 silly currentTree +-- spdx-expression-parse@1.0.4
114 silly currentTree +-- spdx-license-ids@1.2.2
114 silly currentTree +-- string-width@1.0.2
114 silly currentTree +-- strip-ansi@3.0.1
114 silly currentTree +-- strip-bom@2.0.0
114 silly currentTree +-- supports-color@3.1.2
114 silly currentTree +-- type-detect@1.0.0
114 silly currentTree +-- validate-npm-package-license@3.0.1
114 silly currentTree +-- which-module@1.0.0
114 silly currentTree +-- wrap-ansi@2.1.0
114 silly currentTree +-- wrappy@1.0.2
114 silly currentTree +-- y18n@3.2.1
114 silly currentTree +-- yargs-parser@5.0.0
114 silly currentTree `-- yargs@7.0.2
115 silly idealTree local-press@1.0.0
115 silly idealTree +-- ansi-regex@2.1.1
115 silly idealTree +-- assertion-error@1.0.2
115 silly idealTree +-- asyncawait@1.0.6
115 silly idealTree +-- axios@0.15.3
115 silly idealTree +-- balanced-match@0.4.2
115 silly idealTree +-- bluebird@3.5.0
115 silly idealTree +-- brace-expansion@1.1.6
115 silly idealTree +-- browser-stdout@1.3.0
115 silly idealTree +-- builtin-modules@1.1.1
115 silly idealTree +-- camelcase@3.0.0
115 silly idealTree +-- chai@3.5.0
115 silly idealTree +-- cliui@3.2.0
115 silly idealTree +-- code-point-at@1.1.0
115 silly idealTree +-- colors@1.1.2
115 silly idealTree +-- commander@2.9.0
115 silly idealTree +-- concat-map@0.0.1
115 silly idealTree +-- debug@2.2.0
115 silly idealTree +-- decamelize@1.2.0
115 silly idealTree +-- deep-eql@0.1.3
115 silly idealTree | `-- type-detect@0.1.1
115 silly idealTree +-- diff@1.4.0
115 silly idealTree +-- error-ex@1.3.1
115 silly idealTree +-- escape-string-regexp@1.0.5
115 silly idealTree +-- fibers@1.0.15
115 silly idealTree +-- find-up@1.1.2
115 silly idealTree +-- follow-redirects@1.0.0
115 silly idealTree +-- fs.realpath@1.0.0
115 silly idealTree +-- get-caller-file@1.0.2
115 silly idealTree +-- glob@7.0.5
115 silly idealTree +-- graceful-fs@4.1.11
115 silly idealTree +-- graceful-readlink@1.0.1
115 silly idealTree +-- growl@1.9.2
115 silly idealTree +-- has-flag@1.0.0
115 silly idealTree +-- hosted-git-info@2.4.1
115 silly idealTree +-- inflight@1.0.6
115 silly idealTree +-- inherits@2.0.3
115 silly idealTree +-- invert-kv@1.0.0
115 silly idealTree +-- is-arrayish@0.2.1
115 silly idealTree +-- is-builtin-module@1.0.0
115 silly idealTree +-- is-fullwidth-code-point@1.0.0
115 silly idealTree +-- is-utf8@0.2.1
115 silly idealTree +-- json3@3.3.2
115 silly idealTree +-- lcid@1.0.0
115 silly idealTree +-- load-json-file@1.1.0
115 silly idealTree +-- lodash._baseassign@3.2.0
115 silly idealTree +-- lodash._basecopy@3.0.1
115 silly idealTree +-- lodash._basecreate@3.0.3
115 silly idealTree +-- lodash._getnative@3.9.1
115 silly idealTree +-- lodash._isiterateecall@3.0.9
115 silly idealTree +-- lodash.create@3.1.1
115 silly idealTree +-- lodash.isarguments@3.1.0
115 silly idealTree +-- lodash.isarray@3.0.4
115 silly idealTree +-- lodash.keys@3.1.2
115 silly idealTree +-- lodash@3.10.1
115 silly idealTree +-- minimatch@3.0.3
115 silly idealTree +-- minimist@0.0.8
115 silly idealTree +-- mkdirp@0.5.1
115 silly idealTree +-- mocha@3.2.0
115 silly idealTree +-- ms@0.7.1
115 silly idealTree +-- normalize-package-data@2.3.6
115 silly idealTree +-- number-is-nan@1.0.1
115 silly idealTree +-- once@1.4.0
115 silly idealTree +-- os-locale@1.4.0
115 silly idealTree +-- parse-json@2.2.0
115 silly idealTree +-- path-exists@2.1.0
115 silly idealTree +-- path-is-absolute@1.0.1
115 silly idealTree +-- path-type@1.1.0
115 silly idealTree +-- pify@2.3.0
115 silly idealTree +-- pinkie-promise@2.0.1
115 silly idealTree +-- pinkie@2.0.4
115 silly idealTree +-- ramda@0.23.0
115 silly idealTree +-- read-pkg-up@1.0.1
115 silly idealTree +-- read-pkg@1.1.0
115 silly idealTree +-- require-directory@2.1.1
115 silly idealTree +-- require-main-filename@1.0.1
115 silly idealTree +-- semver@5.3.0
115 silly idealTree +-- set-blocking@2.0.0
115 silly idealTree +-- spdx-correct@1.0.2
115 silly idealTree +-- spdx-expression-parse@1.0.4
115 silly idealTree +-- spdx-license-ids@1.2.2
115 silly idealTree +-- string-width@1.0.2
115 silly idealTree +-- strip-ansi@3.0.1
115 silly idealTree +-- strip-bom@2.0.0
115 silly idealTree +-- supports-color@3.1.2
115 silly idealTree +-- type-detect@1.0.0
115 silly idealTree +-- validate-npm-package-license@3.0.1
115 silly idealTree +-- which-module@1.0.0
115 silly idealTree +-- wrap-ansi@2.1.0
115 silly idealTree +-- wrappy@1.0.2
115 silly idealTree +-- y18n@3.2.1
115 silly idealTree +-- yargs-parser@5.0.0
115 silly idealTree `-- yargs@7.0.2
116 silly generateActionsToTake Starting
117 silly install generateActionsToTake
118 silly generateActionsToTake Finishing
119 silly diffTrees action count 2
120 silly diffTrees add fibers@1.0.15
121 silly diffTrees add asyncawait@1.0.6
122 silly decomposeActions action count 16
123 silly decomposeActions fetch fibers@1.0.15
124 silly decomposeActions extract fibers@1.0.15
125 silly decomposeActions test fibers@1.0.15
126 silly decomposeActions preinstall fibers@1.0.15
127 silly decomposeActions build fibers@1.0.15
128 silly decomposeActions install fibers@1.0.15
129 silly decomposeActions postinstall fibers@1.0.15
130 silly decomposeActions finalize fibers@1.0.15
131 silly decomposeActions fetch asyncawait@1.0.6
132 silly decomposeActions extract asyncawait@1.0.6
133 silly decomposeActions test asyncawait@1.0.6
134 silly decomposeActions preinstall asyncawait@1.0.6
135 silly decomposeActions build asyncawait@1.0.6
136 silly decomposeActions install asyncawait@1.0.6
137 silly decomposeActions postinstall asyncawait@1.0.6
138 silly decomposeActions finalize asyncawait@1.0.6
139 silly runTopLevelLifecycles Starting
140 silly executeActions Starting
141 silly install executeActions
142 silly doSerial global-install 0
143 silly doParallel fetch 2
144 verbose correctMkdir C:\Users\jamie\AppData\Roaming\npm-cache\_locks correctMkdir not in flight; initializing
145 verbose lock using C:\Users\jamie\AppData\Roaming\npm-cache\_locks\staging-656111df4788a1cb.lock for C:\Users\jamie\PhpstormProjects\LocalPress\node_modules\.staging
146 silly doParallel extract 2
147 silly extract fibers@1.0.15
148 silly extract asyncawait@1.0.6
149 verbose unbuild node_modules\.staging\fibers-5c757a00
150 verbose unbuild node_modules\.staging\asyncawait-5cdc5f55
151 silly gentlyRm C:\Users\jamie\PhpstormProjects\LocalPress\node_modules\.staging\fibers-5c757a00 is being purged from base C:\Users\jamie\PhpstormProjects\LocalPress
152 verbose gentlyRm don't care about contents; nuking C:\Users\jamie\PhpstormProjects\LocalPress\node_modules\.staging\fibers-5c757a00
153 silly gentlyRm C:\Users\jamie\PhpstormProjects\LocalPress\node_modules\.staging\asyncawait-5cdc5f55 is being purged from base C:\Users\jamie\PhpstormProjects\LocalPress
154 verbose gentlyRm don't care about contents; nuking C:\Users\jamie\PhpstormProjects\LocalPress\node_modules\.staging\asyncawait-5cdc5f55
155 verbose tar unpack C:\Users\jamie\AppData\Roaming\npm-cache\fibers\1.0.15\package.tgz
156 verbose tar unpacking to C:\Users\jamie\PhpstormProjects\LocalPress\node_modules\.staging\fibers-5c757a00
157 silly gentlyRm C:\Users\jamie\PhpstormProjects\LocalPress\node_modules\.staging\fibers-5c757a00 is being purged
158 verbose gentlyRm don't care about contents; nuking C:\Users\jamie\PhpstormProjects\LocalPress\node_modules\.staging\fibers-5c757a00
159 verbose tar unpack C:\Users\jamie\AppData\Roaming\npm-cache\asyncawait\1.0.6\package.tgz
160 verbose tar unpacking to C:\Users\jamie\PhpstormProjects\LocalPress\node_modules\.staging\asyncawait-5cdc5f55
161 silly gentlyRm C:\Users\jamie\PhpstormProjects\LocalPress\node_modules\.staging\asyncawait-5cdc5f55 is being purged
162 verbose gentlyRm don't care about contents; nuking C:\Users\jamie\PhpstormProjects\LocalPress\node_modules\.staging\asyncawait-5cdc5f55
163 silly gunzTarPerm modes [ '777', '666' ]
164 silly gunzTarPerm modes [ '777', '666' ]
165 silly gunzTarPerm extractEntry package.json
166 silly gunzTarPerm modified mode [ 'package.json', 420, 438 ]
167 silly gunzTarPerm extractEntry package.json
168 silly gunzTarPerm extractEntry .npmignore
169 silly gunzTarPerm modified mode [ '.npmignore', 420, 438 ]
170 silly gunzTarPerm extractEntry README.md
171 silly gunzTarPerm modified mode [ 'README.md', 420, 438 ]
172 silly gunzTarPerm extractEntry .npmignore
173 silly gunzTarPerm extractEntry README.md
174 silly gunzTarPerm extractEntry LICENSE
175 silly gunzTarPerm modified mode [ 'LICENSE', 420, 438 ]
176 silly gunzTarPerm extractEntry LICENSE
177 silly gunzTarPerm extractEntry quick-test.js
178 silly gunzTarPerm modified mode [ 'quick-test.js', 420, 438 ]
179 silly gunzTarPerm extractEntry future.js
180 silly gunzTarPerm modified mode [ 'future.js', 420, 438 ]
181 silly gunzTarPerm extractEntry fibers.js
182 silly gunzTarPerm modified mode [ 'fibers.js', 420, 438 ]
183 silly gunzTarPerm extractEntry async.js
184 silly gunzTarPerm extractEntry await.js
185 silly gunzTarPerm extractEntry index.js
186 silly gunzTarPerm extractEntry changelog.md
187 silly gunzTarPerm extractEntry test.js
188 silly gunzTarPerm modified mode [ 'test.js', 493, 511 ]
189 silly gunzTarPerm extractEntry build.js
190 silly gunzTarPerm modified mode [ 'build.js', 493, 511 ]
191 silly gunzTarPerm extractEntry .vscode/launch.json
192 silly gunzTarPerm extractEntry .vscode/settings.json
193 silly gunzTarPerm extractEntry .travis.yml
194 silly gunzTarPerm modified mode [ '.travis.yml', 420, 438 ]
195 silly gunzTarPerm extractEntry binding.gyp
196 silly gunzTarPerm modified mode [ 'binding.gyp', 420, 438 ]
197 silly gunzTarPerm extractEntry .vscode/tasks.json
198 silly gunzTarPerm extractEntry async.d.ts
199 silly gunzTarPerm extractEntry bin/.npmignore
200 silly gunzTarPerm modified mode [ 'bin/.npmignore', 420, 438 ]
201 silly gunzTarPerm extractEntry bin/win32-x64-48/fibers.node
202 silly gunzTarPerm modified mode [ 'bin/win32-x64-48/fibers.node', 420, 438 ]
203 silly gunzTarPerm extractEntry comparison/README.md
204 silly gunzTarPerm extractEntry comparison/benchmark.js
205 silly gunzTarPerm extractEntry comparison/mockfs.js
206 silly gunzTarPerm extractEntry comparison/countFiles/countFiles-async.js
207 silly gunzTarPerm extractEntry bin/darwin-ia32-48/fibers.node
208 silly gunzTarPerm modified mode [ 'bin/darwin-ia32-48/fibers.node', 493, 511 ]
209 silly gunzTarPerm extractEntry comparison/countFiles/countFiles-asyncawait.js
210 silly gunzTarPerm extractEntry comparison/countFiles/countFiles-bluebird.js
211 silly gunzTarPerm extractEntry bin/darwin-x64-46/fibers.node
212 silly gunzTarPerm modified mode [ 'bin/darwin-x64-46/fibers.node', 493, 511 ]
213 silly gunzTarPerm extractEntry bin/darwin-x64-48/fibers.node
214 silly gunzTarPerm modified mode [ 'bin/darwin-x64-48/fibers.node', 493, 511 ]
215 silly gunzTarPerm extractEntry comparison/countFiles/countFiles-callbacks.js
216 silly gunzTarPerm extractEntry comparison/countFiles/countFiles-co.js
217 silly gunzTarPerm extractEntry bin/linux-ia32-46/fibers.node
218 silly gunzTarPerm modified mode [ 'bin/linux-ia32-46/fibers.node', 493, 511 ]
219 silly gunzTarPerm extractEntry bin/linux-ia32-48/fibers.node
220 silly gunzTarPerm modified mode [ 'bin/linux-ia32-48/fibers.node', 493, 511 ]
221 silly gunzTarPerm extractEntry comparison/countFiles/countFiles-synchronous.js
222 silly gunzTarPerm extractEntry comparison/fibonacci/fibonacci-async.js
223 silly gunzTarPerm extractEntry bin/darwin-ia32-46/fibers.node
224 silly gunzTarPerm modified mode [ 'bin/darwin-ia32-46/fibers.node', 493, 511 ]
225 silly gunzTarPerm extractEntry comparison/fibonacci/fibonacci-asyncawait.js
226 silly gunzTarPerm extractEntry comparison/fibonacci/fibonacci-bluebird.js
227 silly gunzTarPerm extractEntry bin/linux-x64-48/fibers.node
228 silly gunzTarPerm modified mode [ 'bin/linux-x64-48/fibers.node', 493, 511 ]
229 silly gunzTarPerm extractEntry bin/repl
230 silly gunzTarPerm modified mode [ 'bin/repl', 493, 511 ]
231 silly gunzTarPerm extractEntry bin/win32-ia32-46/fibers.node
232 silly gunzTarPerm modified mode [ 'bin/win32-ia32-46/fibers.node', 420, 438 ]
233 silly gunzTarPerm extractEntry comparison/fibonacci/fibonacci-callbacks.js
234 silly gunzTarPerm extractEntry comparison/fibonacci/fibonacci-co.js
235 silly gunzTarPerm extractEntry bin/win32-ia32-48/fibers.node
236 silly gunzTarPerm modified mode [ 'bin/win32-ia32-48/fibers.node', 420, 438 ]
237 silly gunzTarPerm extractEntry comparison/fibonacci/fibonacci-synchronous.js
238 silly gunzTarPerm extractEntry comparison/largest/largest-async.js
239 silly gunzTarPerm extractEntry comparison/largest/largest-asyncawait-iterators.js
240 silly gunzTarPerm extractEntry comparison/largest/largest-asyncawait.js
241 silly gunzTarPerm extractEntry bin/win32-x64-46/fibers.node
242 silly gunzTarPerm modified mode [ 'bin/win32-x64-46/fibers.node', 420, 438 ]
243 silly gunzTarPerm extractEntry comparison/largest/largest-asyncx.js
244 silly gunzTarPerm extractEntry comparison/largest/largest-bluebird.js
245 silly gunzTarPerm extractEntry bin/linux-x64-46/fibers.node
246 silly gunzTarPerm modified mode [ 'bin/linux-x64-46/fibers.node', 493, 511 ]
247 silly gunzTarPerm extractEntry comparison/largest/largest-callbacks.js
248 silly gunzTarPerm extractEntry comparison/largest/largest-co.js
249 silly gunzTarPerm extractEntry src/coroutine.cc
250 silly gunzTarPerm modified mode [ 'src/coroutine.cc', 420, 438 ]
251 silly gunzTarPerm extractEntry src/coroutine.h
252 silly gunzTarPerm modified mode [ 'src/coroutine.h', 420, 438 ]
253 silly gunzTarPerm extractEntry src/fibers.cc
254 silly gunzTarPerm modified mode [ 'src/fibers.cc', 420, 438 ]
255 silly gunzTarPerm extractEntry comparison/largest/largest-synchronous.js
256 silly gunzTarPerm extractEntry examples/package.json
257 silly gunzTarPerm extractEntry src/libcoro/README
258 silly gunzTarPerm modified mode [ 'src/libcoro/README', 420, 438 ]
259 silly gunzTarPerm extractEntry src/libcoro/LICENSE
260 silly gunzTarPerm modified mode [ 'src/libcoro/LICENSE', 420, 438 ]
261 silly gunzTarPerm extractEntry examples/asyncMod.js
262 silly gunzTarPerm extractEntry examples/awaitTop.js
263 silly gunzTarPerm extractEntry src/libcoro/conftest.c
264 silly gunzTarPerm modified mode [ 'src/libcoro/conftest.c', 420, 438 ]
265 silly gunzTarPerm extractEntry src/libcoro/coro.c
266 silly gunzTarPerm modified mode [ 'src/libcoro/coro.c', 420, 438 ]
267 silly gunzTarPerm extractEntry examples/basic.js
268 silly gunzTarPerm extractEntry examples/countFiles.js
269 silly gunzTarPerm extractEntry src/libcoro/coro.h
270 silly gunzTarPerm modified mode [ 'src/libcoro/coro.h', 420, 438 ]
271 silly gunzTarPerm extractEntry src/v8-version.h
272 silly gunzTarPerm modified mode [ 'src/v8-version.h', 420, 438 ]
273 silly gunzTarPerm extractEntry examples/descendentFilePaths.js
274 silly gunzTarPerm extractEntry examples/interleaved.js
275 silly gunzTarPerm extractEntry test/already-running.js
276 silly gunzTarPerm modified mode [ 'test/already-running.js', 420, 438 ]
277 silly gunzTarPerm extractEntry test/exit.js
278 silly gunzTarPerm modified mode [ 'test/exit.js', 420, 438 ]
279 silly gunzTarPerm extractEntry test/fibonacci.js
280 silly gunzTarPerm modified mode [ 'test/fibonacci.js', 420, 438 ]
281 silly gunzTarPerm extractEntry examples/iteration.js
282 silly gunzTarPerm extractEntry examples/parallel.js
283 silly gunzTarPerm extractEntry test/finish-multiple.js
284 silly gunzTarPerm modified mode [ 'test/finish-multiple.js', 420, 438 ]
285 silly gunzTarPerm extractEntry test/exec.js
286 silly gunzTarPerm modified mode [ 'test/exec.js', 420, 438 ]
287 silly gunzTarPerm extractEntry examples/examples.njsproj
288 silly gunzTarPerm extractEntry index.d.ts
289 silly gunzTarPerm extractEntry test/future.js
290 silly gunzTarPerm modified mode [ 'test/future.js', 420, 438 ]
291 silly gunzTarPerm extractEntry test/illegal-yield.js
292 silly gunzTarPerm modified mode [ 'test/illegal-yield.js', 420, 438 ]
293 silly gunzTarPerm extractEntry test/pool.js
294 silly gunzTarPerm modified mode [ 'test/pool.js', 420, 438 ]
295 silly gunzTarPerm extractEntry test/process-title.js
296 silly gunzTarPerm modified mode [ 'test/process-title.js', 420, 438 ]
297 silly gunzTarPerm extractEntry test/stack-overflow.js
298 silly gunzTarPerm modified mode [ 'test/stack-overflow.js', 420, 438 ]
299 silly gunzTarPerm extractEntry test/current.js
300 silly gunzTarPerm modified mode [ 'test/current.js', 420, 438 ]
301 silly gunzTarPerm extractEntry test/async.cps.js
302 silly gunzTarPerm extractEntry test/async.iterable.js
303 silly gunzTarPerm extractEntry test/async.js
304 silly gunzTarPerm extractEntry test/async.thunk.js
305 silly gunzTarPerm extractEntry test/stack-overflow2.js
306 silly gunzTarPerm modified mode [ 'test/stack-overflow2.js', 493, 511 ]
307 silly gunzTarPerm extractEntry test/child-process.js
308 silly gunzTarPerm modified mode [ 'test/child-process.js', 420, 438 ]
309 silly gunzTarPerm extractEntry test/started.js
310 silly gunzTarPerm modified mode [ 'test/started.js', 420, 438 ]
311 silly gunzTarPerm extractEntry test/bad-context.js
312 silly gunzTarPerm modified mode [ 'test/bad-context.js', 420, 438 ]
313 silly gunzTarPerm extractEntry test/unwind.js
314 silly gunzTarPerm modified mode [ 'test/unwind.js', 420, 438 ]
315 silly gunzTarPerm extractEntry test/await.js
316 silly gunzTarPerm extractEntry test/repros.js
317 silly gunzTarPerm extractEntry test/future-exception.js
318 silly gunzTarPerm modified mode [ 'test/future-exception.js', 420, 438 ]
319 silly gunzTarPerm extractEntry test/async.cps.ts
320 silly gunzTarPerm extractEntry test/async.ts
321 silly gunzTarPerm extractEntry test/repros.ts
322 silly gunzTarPerm extractEntry test/await.ts
323 silly gunzTarPerm extractEntry test/async.iterable.ts
324 silly gunzTarPerm extractEntry test/async.thunk.ts
325 silly gunzTarPerm extractEntry await.d.ts
326 silly gunzTarPerm extractEntry src/fibers.js
327 silly gunzTarPerm extractEntry src/async/asyncIterator.js
328 silly gunzTarPerm extractEntry src/async/config.js
329 silly gunzTarPerm extractEntry src/async/semaphore.js
330 silly gunzTarPerm extractEntry src/async/defer.js
331 silly gunzTarPerm extractEntry src/async/runContext.js
332 silly gunzTarPerm extractEntry src/async/fiberManager.js
333 silly gunzTarPerm extractEntry src/async/makeAsyncFunc.js
334 silly gunzTarPerm extractEntry src/async/index.js
335 silly gunzTarPerm extractEntry src/async/asyncIterator.ts
336 silly gunzTarPerm extractEntry src/async/index.ts
337 silly gunzTarPerm extractEntry src/async/fiberManager.ts
338 silly gunzTarPerm extractEntry src/async/makeAsyncFunc.ts
339 silly gunzTarPerm extractEntry src/async/defer.ts
340 silly gunzTarPerm extractEntry src/async/runContext.ts
341 silly gunzTarPerm extractEntry src/async/config.ts
342 silly gunzTarPerm extractEntry src/async/semaphore.ts
343 silly gunzTarPerm extractEntry src/await/index.js
344 silly gunzTarPerm extractEntry src/await/makeAwaitFunc.js
345 silly gunzTarPerm extractEntry src/await/index.ts
346 silly gunzTarPerm extractEntry src/await/makeAwaitFunc.ts
347 silly gunzTarPerm extractEntry src/fibers.ts
348 silly gunzTarPerm extractEntry src/types.d.ts
349 silly gunzTarPerm extractEntry src/typings/bluebird/bluebird.d.ts
350 silly gunzTarPerm extractEntry src/typings/chai/chai.d.ts
351 silly gunzTarPerm extractEntry src/typings/lodash/lodash.d.ts
352 silly gunzTarPerm extractEntry src/typings/mocha/mocha.d.ts
353 silly gunzTarPerm extractEntry src/typings/node/node.d.ts
354 silly gunzTarPerm extractEntry src/typings/node-fibers/node-fibers.d.ts
355 silly gunzTarPerm extractEntry tsconfig.json
356 silly gentlyRm C:\Users\jamie\PhpstormProjects\LocalPress\node_modules\.staging\fibers-5c757a00\node_modules is being purged
357 verbose gentlyRm don't care about contents; nuking C:\Users\jamie\PhpstormProjects\LocalPress\node_modules\.staging\fibers-5c757a00\node_modules
358 silly gentlyRm C:\Users\jamie\PhpstormProjects\LocalPress\node_modules\.staging\asyncawait-5cdc5f55\node_modules is being purged
359 verbose gentlyRm don't care about contents; nuking C:\Users\jamie\PhpstormProjects\LocalPress\node_modules\.staging\asyncawait-5cdc5f55\node_modules
360 silly doParallel preinstall 2
361 silly preinstall fibers@1.0.15
362 info lifecycle fibers@1.0.15~preinstall: fibers@1.0.15
363 silly preinstall asyncawait@1.0.6
364 info lifecycle asyncawait@1.0.6~preinstall: asyncawait@1.0.6
365 silly lifecycle fibers@1.0.15~preinstall: no script for preinstall, continuing
366 silly lifecycle asyncawait@1.0.6~preinstall: no script for preinstall, continuing
367 silly doReverseSerial remove 0
368 silly doSerial move 0
369 silly doSerial finalize 2
370 silly finalize C:\Users\jamie\PhpstormProjects\LocalPress\node_modules\fibers
371 silly finalize C:\Users\jamie\PhpstormProjects\LocalPress\node_modules\asyncawait
372 silly doSerial build 2
373 silly build fibers@1.0.15
374 info linkStuff fibers@1.0.15
375 silly linkStuff fibers@1.0.15 has C:\Users\jamie\PhpstormProjects\LocalPress\node_modules as its parent node_modules
376 verbose linkBins fibers@1.0.15
377 verbose linkMans fibers@1.0.15
378 silly build asyncawait@1.0.6
379 info linkStuff asyncawait@1.0.6
380 silly linkStuff asyncawait@1.0.6 has C:\Users\jamie\PhpstormProjects\LocalPress\node_modules as its parent node_modules
381 verbose linkBins asyncawait@1.0.6
382 verbose linkMans asyncawait@1.0.6
383 silly doSerial global-link 0
384 silly doParallel update-linked 0
385 silly doSerial install 2
386 silly install fibers@1.0.15
387 info lifecycle fibers@1.0.15~install: fibers@1.0.15
388 verbose lifecycle fibers@1.0.15~install: unsafe-perm in lifecycle true
389 verbose lifecycle fibers@1.0.15~install: PATH: C:\Program Files\nodejs\node_modules\npm\bin\node-gyp-bin;C:\Users\jamie\PhpstormProjects\LocalPress\node_modules\fibers\node_modules\.bin;C:\Users\jamie\PhpstormProjects\LocalPress\node_modules\.bin;C:\WINDOWS\system32;C:\WINDOWS;C:\WINDOWS\System32\Wbem;C:\WINDOWS\System32\WindowsPowerShell\v1.0\;C:\Program Files\nodejs\;C:\Program Files\Git\cmd;C:\xampp\php;C:\ProgramData\ComposerSetup\bin;C:\Users\jamie\Desktop\server\php\php.exe;C:\Users\jamie\AppData\Roaming\Composer\vendor\bin
390 verbose lifecycle fibers@1.0.15~install: CWD: C:\Users\jamie\PhpstormProjects\LocalPress\node_modules\fibers
391 silly lifecycle fibers@1.0.15~install: Args: [ '/d /s /c', 'node build.js || nodejs build.js' ]
392 silly lifecycle fibers@1.0.15~install: Returned: code: 1  signal: null
393 info lifecycle fibers@1.0.15~install: Failed to exec install script
394 verbose unlock done using C:\Users\jamie\AppData\Roaming\npm-cache\_locks\staging-656111df4788a1cb.lock for C:\Users\jamie\PhpstormProjects\LocalPress\node_modules\.staging
395 silly rollbackFailedOptional Starting
396 silly gentlyRm C:\Users\jamie\PhpstormProjects\LocalPress\node_modules\fibers is being purged from base C:\Users\jamie\PhpstormProjects\LocalPress
397 verbose gentlyRm don't care about contents; nuking C:\Users\jamie\PhpstormProjects\LocalPress\node_modules\fibers
398 silly gentlyRm C:\Users\jamie\PhpstormProjects\LocalPress\node_modules\fibers is being purged from base C:\Users\jamie\PhpstormProjects\LocalPress
399 verbose gentlyRm don't care about contents; nuking C:\Users\jamie\PhpstormProjects\LocalPress\node_modules\fibers
400 silly gentlyRm C:\Users\jamie\PhpstormProjects\LocalPress\node_modules\fibers is being purged from base C:\Users\jamie\PhpstormProjects\LocalPress
401 verbose gentlyRm don't care about contents; nuking C:\Users\jamie\PhpstormProjects\LocalPress\node_modules\fibers
402 silly gentlyRm C:\Users\jamie\PhpstormProjects\LocalPress\node_modules\fibers is being purged from base C:\Users\jamie\PhpstormProjects\LocalPress
403 verbose gentlyRm don't care about contents; nuking C:\Users\jamie\PhpstormProjects\LocalPress\node_modules\fibers
404 silly gentlyRm C:\Users\jamie\PhpstormProjects\LocalPress\node_modules\fibers is being purged from base C:\Users\jamie\PhpstormProjects\LocalPress
405 verbose gentlyRm don't care about contents; nuking C:\Users\jamie\PhpstormProjects\LocalPress\node_modules\fibers
406 silly gentlyRm C:\Users\jamie\PhpstormProjects\LocalPress\node_modules\fibers is being purged from base C:\Users\jamie\PhpstormProjects\LocalPress
407 verbose gentlyRm don't care about contents; nuking C:\Users\jamie\PhpstormProjects\LocalPress\node_modules\fibers
408 silly gentlyRm C:\Users\jamie\PhpstormProjects\LocalPress\node_modules\fibers is being purged from base C:\Users\jamie\PhpstormProjects\LocalPress
409 verbose gentlyRm don't care about contents; nuking C:\Users\jamie\PhpstormProjects\LocalPress\node_modules\fibers
410 silly gentlyRm C:\Users\jamie\PhpstormProjects\LocalPress\node_modules\fibers is being purged from base C:\Users\jamie\PhpstormProjects\LocalPress
411 verbose gentlyRm don't care about contents; nuking C:\Users\jamie\PhpstormProjects\LocalPress\node_modules\fibers
412 silly gentlyRm C:\Users\jamie\PhpstormProjects\LocalPress\node_modules\asyncawait is being purged from base C:\Users\jamie\PhpstormProjects\LocalPress
413 verbose gentlyRm don't care about contents; nuking C:\Users\jamie\PhpstormProjects\LocalPress\node_modules\asyncawait
414 silly gentlyRm C:\Users\jamie\PhpstormProjects\LocalPress\node_modules\asyncawait is being purged from base C:\Users\jamie\PhpstormProjects\LocalPress
415 verbose gentlyRm don't care about contents; nuking C:\Users\jamie\PhpstormProjects\LocalPress\node_modules\asyncawait
416 silly gentlyRm C:\Users\jamie\PhpstormProjects\LocalPress\node_modules\asyncawait is being purged from base C:\Users\jamie\PhpstormProjects\LocalPress
417 verbose gentlyRm don't care about contents; nuking C:\Users\jamie\PhpstormProjects\LocalPress\node_modules\asyncawait
418 silly gentlyRm C:\Users\jamie\PhpstormProjects\LocalPress\node_modules\asyncawait is being purged from base C:\Users\jamie\PhpstormProjects\LocalPress
419 verbose gentlyRm don't care about contents; nuking C:\Users\jamie\PhpstormProjects\LocalPress\node_modules\asyncawait
420 silly gentlyRm C:\Users\jamie\PhpstormProjects\LocalPress\node_modules\asyncawait is being purged from base C:\Users\jamie\PhpstormProjects\LocalPress
421 verbose gentlyRm don't care about contents; nuking C:\Users\jamie\PhpstormProjects\LocalPress\node_modules\asyncawait
422 silly gentlyRm C:\Users\jamie\PhpstormProjects\LocalPress\node_modules\asyncawait is being purged from base C:\Users\jamie\PhpstormProjects\LocalPress
423 verbose gentlyRm don't care about contents; nuking C:\Users\jamie\PhpstormProjects\LocalPress\node_modules\asyncawait
424 silly gentlyRm C:\Users\jamie\PhpstormProjects\LocalPress\node_modules\asyncawait is being purged from base C:\Users\jamie\PhpstormProjects\LocalPress
425 verbose gentlyRm don't care about contents; nuking C:\Users\jamie\PhpstormProjects\LocalPress\node_modules\asyncawait
426 silly gentlyRm C:\Users\jamie\PhpstormProjects\LocalPress\node_modules\asyncawait is being purged from base C:\Users\jamie\PhpstormProjects\LocalPress
427 verbose gentlyRm don't care about contents; nuking C:\Users\jamie\PhpstormProjects\LocalPress\node_modules\asyncawait
428 silly vacuum-fs purging C:\Users\jamie\PhpstormProjects\LocalPress\node_modules\fibers
429 silly vacuum-fs purging C:\Users\jamie\PhpstormProjects\LocalPress\node_modules\fibers
430 silly vacuum-fs purging C:\Users\jamie\PhpstormProjects\LocalPress\node_modules\fibers
431 silly vacuum-fs purging C:\Users\jamie\PhpstormProjects\LocalPress\node_modules\fibers
432 silly vacuum-fs purging C:\Users\jamie\PhpstormProjects\LocalPress\node_modules\fibers
433 silly vacuum-fs purging C:\Users\jamie\PhpstormProjects\LocalPress\node_modules\fibers
434 silly vacuum-fs purging C:\Users\jamie\PhpstormProjects\LocalPress\node_modules\fibers
435 silly vacuum-fs purging C:\Users\jamie\PhpstormProjects\LocalPress\node_modules\fibers
436 silly vacuum-fs purging C:\Users\jamie\PhpstormProjects\LocalPress\node_modules\asyncawait
437 silly vacuum-fs purging C:\Users\jamie\PhpstormProjects\LocalPress\node_modules\asyncawait
438 silly vacuum-fs purging C:\Users\jamie\PhpstormProjects\LocalPress\node_modules\asyncawait
439 silly vacuum-fs purging C:\Users\jamie\PhpstormProjects\LocalPress\node_modules\asyncawait
440 silly vacuum-fs purging C:\Users\jamie\PhpstormProjects\LocalPress\node_modules\asyncawait
441 silly vacuum-fs purging C:\Users\jamie\PhpstormProjects\LocalPress\node_modules\asyncawait
442 silly vacuum-fs purging C:\Users\jamie\PhpstormProjects\LocalPress\node_modules\asyncawait
443 silly vacuum-fs purging C:\Users\jamie\PhpstormProjects\LocalPress\node_modules\asyncawait
444 silly vacuum-fs quitting because other entries in C:\Users\jamie\PhpstormProjects\LocalPress\node_modules
445 silly vacuum-fs quitting because other entries in C:\Users\jamie\PhpstormProjects\LocalPress\node_modules
446 silly vacuum-fs quitting because other entries in C:\Users\jamie\PhpstormProjects\LocalPress\node_modules
447 silly vacuum-fs quitting because other entries in C:\Users\jamie\PhpstormProjects\LocalPress\node_modules
448 silly vacuum-fs quitting because other entries in C:\Users\jamie\PhpstormProjects\LocalPress\node_modules
449 silly vacuum-fs quitting because other entries in C:\Users\jamie\PhpstormProjects\LocalPress\node_modules
450 silly vacuum-fs quitting because other entries in C:\Users\jamie\PhpstormProjects\LocalPress\node_modules
451 silly vacuum-fs quitting because other entries in C:\Users\jamie\PhpstormProjects\LocalPress\node_modules
452 silly vacuum-fs quitting because other entries in C:\Users\jamie\PhpstormProjects\LocalPress\node_modules
453 silly vacuum-fs quitting because other entries in C:\Users\jamie\PhpstormProjects\LocalPress\node_modules
454 silly vacuum-fs quitting because other entries in C:\Users\jamie\PhpstormProjects\LocalPress\node_modules
455 silly vacuum-fs quitting because other entries in C:\Users\jamie\PhpstormProjects\LocalPress\node_modules
456 silly vacuum-fs quitting because other entries in C:\Users\jamie\PhpstormProjects\LocalPress\node_modules
457 silly vacuum-fs quitting because other entries in C:\Users\jamie\PhpstormProjects\LocalPress\node_modules
458 silly vacuum-fs quitting because other entries in C:\Users\jamie\PhpstormProjects\LocalPress\node_modules
459 silly vacuum-fs quitting because other entries in C:\Users\jamie\PhpstormProjects\LocalPress\node_modules
460 silly rollbackFailedOptional Finishing
461 silly runTopLevelLifecycles Finishing
462 silly install printInstalled
463 verbose stack Error: fibers@1.0.15 install: `node build.js || nodejs build.js`
463 verbose stack Exit status 1
463 verbose stack     at EventEmitter.<anonymous> (C:\Program Files\nodejs\node_modules\npm\lib\utils\lifecycle.js:279:16)
463 verbose stack     at emitTwo (events.js:106:13)
463 verbose stack     at EventEmitter.emit (events.js:192:7)
463 verbose stack     at ChildProcess.<anonymous> (C:\Program Files\nodejs\node_modules\npm\lib\utils\spawn.js:40:14)
463 verbose stack     at emitTwo (events.js:106:13)
463 verbose stack     at ChildProcess.emit (events.js:192:7)
463 verbose stack     at maybeClose (internal/child_process.js:890:16)
463 verbose stack     at Process.ChildProcess._handle.onexit (internal/child_process.js:226:5)
464 verbose pkgid fibers@1.0.15
465 verbose cwd C:\Users\jamie\PhpstormProjects\LocalPress
466 error Windows_NT 10.0.14393
467 error argv "C:\\Program Files\\nodejs\\node.exe" "C:\\Program Files\\nodejs\\node_modules\\npm\\bin\\npm-cli.js" "install" "asyncawait" "--save"
468 error node v7.5.0
469 error npm  v4.1.2
470 error code ELIFECYCLE
471 error fibers@1.0.15 install: `node build.js || nodejs build.js`
471 error Exit status 1
472 error Failed at the fibers@1.0.15 install script 'node build.js || nodejs build.js'.
472 error Make sure you have the latest version of node.js and npm installed.
472 error If you do, this is most likely a problem with the fibers package,
472 error not with npm itself.
472 error Tell the author that this fails on your system:
472 error     node build.js || nodejs build.js
472 error You can get information on how to open an issue for this project with:
472 error     npm bugs fibers
472 error Or if that isn't available, you can get their info via:
472 error     npm owner ls fibers
472 error There is likely additional logging output above.
473 verbose exit [ 1, true ]
